
Other/build/Logger.elf:     file format elf32-avr

Sections:
Idx Name          Size      VMA       LMA       File off  Algn
  0 .data         00000016  00800100  00000910  000009a4  2**0
                  CONTENTS, ALLOC, LOAD, DATA
  1 .text         00000910  00000000  00000000  00000094  2**1
                  CONTENTS, ALLOC, LOAD, READONLY, CODE
  2 .bss          000000fd  00800116  00800116  000009ba  2**0
                  ALLOC
  3 .comment      00000011  00000000  00000000  000009ba  2**0
                  CONTENTS, READONLY
  4 .note.gnu.avr.deviceinfo 00000040  00000000  00000000  000009cc  2**2
                  CONTENTS, READONLY

Disassembly of section .text:

00000000 <__vectors>:
   0:	0c 94 3e 00 	jmp	0x7c	; 0x7c <__ctors_end>
   4:	0c 94 5b 00 	jmp	0xb6	; 0xb6 <__bad_interrupt>
   8:	0c 94 5b 00 	jmp	0xb6	; 0xb6 <__bad_interrupt>
   c:	0c 94 5b 00 	jmp	0xb6	; 0xb6 <__bad_interrupt>
  10:	0c 94 5b 00 	jmp	0xb6	; 0xb6 <__bad_interrupt>
  14:	0c 94 5b 00 	jmp	0xb6	; 0xb6 <__bad_interrupt>
  18:	0c 94 5b 00 	jmp	0xb6	; 0xb6 <__bad_interrupt>
  1c:	0c 94 5b 00 	jmp	0xb6	; 0xb6 <__bad_interrupt>
  20:	0c 94 5b 00 	jmp	0xb6	; 0xb6 <__bad_interrupt>
  24:	0c 94 05 01 	jmp	0x20a	; 0x20a <__vector_9>
  28:	0c 94 5b 00 	jmp	0xb6	; 0xb6 <__bad_interrupt>
  2c:	0c 94 5b 00 	jmp	0xb6	; 0xb6 <__bad_interrupt>
  30:	0c 94 5b 00 	jmp	0xb6	; 0xb6 <__bad_interrupt>
  34:	0c 94 5b 00 	jmp	0xb6	; 0xb6 <__bad_interrupt>
  38:	0c 94 5b 00 	jmp	0xb6	; 0xb6 <__bad_interrupt>
  3c:	0c 94 5b 00 	jmp	0xb6	; 0xb6 <__bad_interrupt>
  40:	0c 94 e0 00 	jmp	0x1c0	; 0x1c0 <__vector_16>
  44:	0c 94 5b 00 	jmp	0xb6	; 0xb6 <__bad_interrupt>
  48:	0c 94 5b 00 	jmp	0xb6	; 0xb6 <__bad_interrupt>
  4c:	0c 94 5b 00 	jmp	0xb6	; 0xb6 <__bad_interrupt>
  50:	0c 94 3f 01 	jmp	0x27e	; 0x27e <__vector_20>
  54:	0c 94 b3 01 	jmp	0x366	; 0x366 <__vector_21>
  58:	0c 94 5b 00 	jmp	0xb6	; 0xb6 <__bad_interrupt>
  5c:	0c 94 5b 00 	jmp	0xb6	; 0xb6 <__bad_interrupt>
  60:	0c 94 5b 00 	jmp	0xb6	; 0xb6 <__bad_interrupt>
  64:	0c 94 5b 00 	jmp	0xb6	; 0xb6 <__bad_interrupt>
  68:	0c 94 5b 00 	jmp	0xb6	; 0xb6 <__bad_interrupt>
  6c:	0c 94 5b 00 	jmp	0xb6	; 0xb6 <__bad_interrupt>
  70:	0c 94 d3 01 	jmp	0x3a6	; 0x3a6 <__vector_28>
  74:	0c 94 ef 01 	jmp	0x3de	; 0x3de <__vector_29>
  78:	0c 94 5b 00 	jmp	0xb6	; 0xb6 <__bad_interrupt>

0000007c <__ctors_end>:
  7c:	11 24       	eor	r1, r1
  7e:	1f be       	out	0x3f, r1	; 63
  80:	cf ef       	ldi	r28, 0xFF	; 255
  82:	d8 e0       	ldi	r29, 0x08	; 8
  84:	de bf       	out	0x3e, r29	; 62
  86:	cd bf       	out	0x3d, r28	; 61

00000088 <__do_copy_data>:
  88:	11 e0       	ldi	r17, 0x01	; 1
  8a:	a0 e0       	ldi	r26, 0x00	; 0
  8c:	b1 e0       	ldi	r27, 0x01	; 1
  8e:	e0 e1       	ldi	r30, 0x10	; 16
  90:	f9 e0       	ldi	r31, 0x09	; 9
  92:	02 c0       	rjmp	.+4      	; 0x98 <__do_copy_data+0x10>
  94:	05 90       	lpm	r0, Z+
  96:	0d 92       	st	X+, r0
  98:	a6 31       	cpi	r26, 0x16	; 22
  9a:	b1 07       	cpc	r27, r17
  9c:	d9 f7       	brne	.-10     	; 0x94 <__do_copy_data+0xc>

0000009e <__do_clear_bss>:
  9e:	22 e0       	ldi	r18, 0x02	; 2
  a0:	a6 e1       	ldi	r26, 0x16	; 22
  a2:	b1 e0       	ldi	r27, 0x01	; 1
  a4:	01 c0       	rjmp	.+2      	; 0xa8 <.do_clear_bss_start>

000000a6 <.do_clear_bss_loop>:
  a6:	1d 92       	st	X+, r1

000000a8 <.do_clear_bss_start>:
  a8:	a3 31       	cpi	r26, 0x13	; 19
  aa:	b2 07       	cpc	r27, r18
  ac:	e1 f7       	brne	.-8      	; 0xa6 <.do_clear_bss_loop>
  ae:	0e 94 96 00 	call	0x12c	; 0x12c <main>
  b2:	0c 94 86 04 	jmp	0x90c	; 0x90c <_exit>

000000b6 <__bad_interrupt>:
  b6:	0c 94 00 00 	jmp	0	; 0x0 <__vectors>

000000ba <UART0_NMEAEvent>:
  ba:	0f 93       	push	r16
  bc:	1f 93       	push	r17
  be:	cf 93       	push	r28
  c0:	df 93       	push	r29
  c2:	00 d0       	rcall	.+0      	; 0xc4 <UART0_NMEAEvent+0xa>
  c4:	00 d0       	rcall	.+0      	; 0xc6 <UART0_NMEAEvent+0xc>
  c6:	00 d0       	rcall	.+0      	; 0xc8 <UART0_NMEAEvent+0xe>
  c8:	cd b7       	in	r28, 0x3d	; 61
  ca:	de b7       	in	r29, 0x3e	; 62
  cc:	8c 01       	movw	r16, r24
  ce:	46 e0       	ldi	r20, 0x06	; 6
  d0:	50 e0       	ldi	r21, 0x00	; 0
  d2:	bc 01       	movw	r22, r24
  d4:	ce 01       	movw	r24, r28
  d6:	01 96       	adiw	r24, 0x01	; 1
  d8:	0e 94 40 04 	call	0x880	; 0x880 <strncpy>
  dc:	67 e0       	ldi	r22, 0x07	; 7
  de:	71 e0       	ldi	r23, 0x01	; 1
  e0:	ce 01       	movw	r24, r28
  e2:	01 96       	adiw	r24, 0x01	; 1
  e4:	0e 94 37 04 	call	0x86e	; 0x86e <strcmp>
  e8:	89 2b       	or	r24, r25
  ea:	99 f0       	breq	.+38     	; 0x112 <UART0_NMEAEvent+0x58>
  ec:	6e e0       	ldi	r22, 0x0E	; 14
  ee:	71 e0       	ldi	r23, 0x01	; 1
  f0:	ce 01       	movw	r24, r28
  f2:	01 96       	adiw	r24, 0x01	; 1
  f4:	0e 94 37 04 	call	0x86e	; 0x86e <strcmp>
  f8:	89 2b       	or	r24, r25
  fa:	59 f0       	breq	.+22     	; 0x112 <UART0_NMEAEvent+0x58>
  fc:	26 96       	adiw	r28, 0x06	; 6
  fe:	0f b6       	in	r0, 0x3f	; 63
 100:	f8 94       	cli
 102:	de bf       	out	0x3e, r29	; 62
 104:	0f be       	out	0x3f, r0	; 63
 106:	cd bf       	out	0x3d, r28	; 61
 108:	df 91       	pop	r29
 10a:	cf 91       	pop	r28
 10c:	1f 91       	pop	r17
 10e:	0f 91       	pop	r16
 110:	08 95       	ret
 112:	c8 01       	movw	r24, r16
 114:	26 96       	adiw	r28, 0x06	; 6
 116:	0f b6       	in	r0, 0x3f	; 63
 118:	f8 94       	cli
 11a:	de bf       	out	0x3e, r29	; 62
 11c:	0f be       	out	0x3f, r0	; 63
 11e:	cd bf       	out	0x3d, r28	; 61
 120:	df 91       	pop	r29
 122:	cf 91       	pop	r28
 124:	1f 91       	pop	r17
 126:	0f 91       	pop	r16
 128:	0c 94 19 02 	jmp	0x432	; 0x432 <UART1_SendString>

0000012c <main>:
 12c:	0f 9a       	sbi	0x01, 7	; 1
 12e:	0e 9a       	sbi	0x01, 6	; 1
 130:	20 9a       	sbi	0x04, 0	; 4
 132:	0d 9a       	sbi	0x01, 5	; 1
 134:	17 9a       	sbi	0x02, 7	; 2
 136:	2f ef       	ldi	r18, 0xFF	; 255
 138:	89 e6       	ldi	r24, 0x69	; 105
 13a:	98 e1       	ldi	r25, 0x18	; 24
 13c:	21 50       	subi	r18, 0x01	; 1
 13e:	80 40       	sbci	r24, 0x00	; 0
 140:	90 40       	sbci	r25, 0x00	; 0
 142:	e1 f7       	brne	.-8      	; 0x13c <main+0x10>
 144:	00 c0       	rjmp	.+0      	; 0x146 <main+0x1a>
 146:	00 00       	nop
 148:	17 98       	cbi	0x02, 7	; 2
 14a:	16 9a       	sbi	0x02, 6	; 2
 14c:	2f ef       	ldi	r18, 0xFF	; 255
 14e:	89 e6       	ldi	r24, 0x69	; 105
 150:	98 e1       	ldi	r25, 0x18	; 24
 152:	21 50       	subi	r18, 0x01	; 1
 154:	80 40       	sbci	r24, 0x00	; 0
 156:	90 40       	sbci	r25, 0x00	; 0
 158:	e1 f7       	brne	.-8      	; 0x152 <main+0x26>
 15a:	00 c0       	rjmp	.+0      	; 0x15c <main+0x30>
 15c:	00 00       	nop
 15e:	16 98       	cbi	0x02, 6	; 2
 160:	0e 94 d6 00 	call	0x1ac	; 0x1ac <UCLOCK_Init>
 164:	0e 94 29 01 	call	0x252	; 0x252 <UART0_Init>
 168:	0e 94 bd 01 	call	0x37a	; 0x37a <UART1_Init>
 16c:	2f ef       	ldi	r18, 0xFF	; 255
 16e:	8d e3       	ldi	r24, 0x3D	; 61
 170:	99 e4       	ldi	r25, 0x49	; 73
 172:	21 50       	subi	r18, 0x01	; 1
 174:	80 40       	sbci	r24, 0x00	; 0
 176:	90 40       	sbci	r25, 0x00	; 0
 178:	e1 f7       	brne	.-8      	; 0x172 <main+0x46>
 17a:	00 c0       	rjmp	.+0      	; 0x17c <main+0x50>
 17c:	00 00       	nop
 17e:	f6 cf       	rjmp	.-20     	; 0x16c <main+0x40>

00000180 <mmc_disk_timerproc>:
 180:	80 91 17 01 	lds	r24, 0x0117
 184:	88 23       	and	r24, r24
 186:	19 f0       	breq	.+6      	; 0x18e <mmc_disk_timerproc+0xe>
 188:	81 50       	subi	r24, 0x01	; 1
 18a:	80 93 17 01 	sts	0x0117, r24
 18e:	80 91 16 01 	lds	r24, 0x0116
 192:	88 23       	and	r24, r24
 194:	19 f0       	breq	.+6      	; 0x19c <mmc_disk_timerproc+0x1c>
 196:	81 50       	subi	r24, 0x01	; 1
 198:	80 93 16 01 	sts	0x0116, r24
 19c:	80 91 06 01 	lds	r24, 0x0106
 1a0:	89 7f       	andi	r24, 0xF9	; 249
 1a2:	80 93 06 01 	sts	0x0106, r24
 1a6:	08 95       	ret

000001a8 <disk_timerproc>:
 1a8:	0c 94 c0 00 	jmp	0x180	; 0x180 <mmc_disk_timerproc>

000001ac <UCLOCK_Init>:
 1ac:	89 ef       	ldi	r24, 0xF9	; 249
 1ae:	87 bd       	out	0x27, r24	; 39
 1b0:	82 e0       	ldi	r24, 0x02	; 2
 1b2:	84 bd       	out	0x24, r24	; 36
 1b4:	93 e0       	ldi	r25, 0x03	; 3
 1b6:	95 bd       	out	0x25, r25	; 37
 1b8:	80 93 6e 00 	sts	0x006E, r24
 1bc:	78 94       	sei
 1be:	08 95       	ret

000001c0 <__vector_16>:
 1c0:	1f 92       	push	r1
 1c2:	0f 92       	push	r0
 1c4:	0f b6       	in	r0, 0x3f	; 63
 1c6:	0f 92       	push	r0
 1c8:	11 24       	eor	r1, r1
 1ca:	8f 93       	push	r24
 1cc:	9f 93       	push	r25
 1ce:	af 93       	push	r26
 1d0:	bf 93       	push	r27
 1d2:	80 91 ff 01 	lds	r24, 0x01FF
 1d6:	90 91 00 02 	lds	r25, 0x0200
 1da:	a0 91 01 02 	lds	r26, 0x0201
 1de:	b0 91 02 02 	lds	r27, 0x0202
 1e2:	01 96       	adiw	r24, 0x01	; 1
 1e4:	a1 1d       	adc	r26, r1
 1e6:	b1 1d       	adc	r27, r1
 1e8:	80 93 ff 01 	sts	0x01FF, r24
 1ec:	90 93 00 02 	sts	0x0200, r25
 1f0:	a0 93 01 02 	sts	0x0201, r26
 1f4:	b0 93 02 02 	sts	0x0202, r27
 1f8:	bf 91       	pop	r27
 1fa:	af 91       	pop	r26
 1fc:	9f 91       	pop	r25
 1fe:	8f 91       	pop	r24
 200:	0f 90       	pop	r0
 202:	0f be       	out	0x3f, r0	; 63
 204:	0f 90       	pop	r0
 206:	1f 90       	pop	r1
 208:	18 95       	reti

0000020a <__vector_9>:
 20a:	1f 92       	push	r1
 20c:	0f 92       	push	r0
 20e:	0f b6       	in	r0, 0x3f	; 63
 210:	0f 92       	push	r0
 212:	11 24       	eor	r1, r1
 214:	2f 93       	push	r18
 216:	3f 93       	push	r19
 218:	4f 93       	push	r20
 21a:	5f 93       	push	r21
 21c:	6f 93       	push	r22
 21e:	7f 93       	push	r23
 220:	8f 93       	push	r24
 222:	9f 93       	push	r25
 224:	af 93       	push	r26
 226:	bf 93       	push	r27
 228:	ef 93       	push	r30
 22a:	ff 93       	push	r31
 22c:	0e 94 d4 00 	call	0x1a8	; 0x1a8 <disk_timerproc>
 230:	ff 91       	pop	r31
 232:	ef 91       	pop	r30
 234:	bf 91       	pop	r27
 236:	af 91       	pop	r26
 238:	9f 91       	pop	r25
 23a:	8f 91       	pop	r24
 23c:	7f 91       	pop	r23
 23e:	6f 91       	pop	r22
 240:	5f 91       	pop	r21
 242:	4f 91       	pop	r20
 244:	3f 91       	pop	r19
 246:	2f 91       	pop	r18
 248:	0f 90       	pop	r0
 24a:	0f be       	out	0x3f, r0	; 63
 24c:	0f 90       	pop	r0
 24e:	1f 90       	pop	r1
 250:	18 95       	reti

00000252 <UART0_Init>:
 252:	10 92 7c 01 	sts	0x017C, r1
 256:	10 92 7b 01 	sts	0x017B, r1
 25a:	10 92 c5 00 	sts	0x00C5, r1
 25e:	87 e6       	ldi	r24, 0x67	; 103
 260:	80 93 c4 00 	sts	0x00C4, r24
 264:	e0 ec       	ldi	r30, 0xC0	; 192
 266:	f0 e0       	ldi	r31, 0x00	; 0
 268:	80 81       	ld	r24, Z
 26a:	8d 7f       	andi	r24, 0xFD	; 253
 26c:	80 83       	st	Z, r24
 26e:	88 e9       	ldi	r24, 0x98	; 152
 270:	80 93 c1 00 	sts	0x00C1, r24
 274:	86 e0       	ldi	r24, 0x06	; 6
 276:	80 93 c2 00 	sts	0x00C2, r24
 27a:	78 94       	sei
 27c:	08 95       	ret

0000027e <__vector_20>:
 27e:	1f 92       	push	r1
 280:	0f 92       	push	r0
 282:	0f b6       	in	r0, 0x3f	; 63
 284:	0f 92       	push	r0
 286:	11 24       	eor	r1, r1
 288:	ef 92       	push	r14
 28a:	ff 92       	push	r15
 28c:	0f 93       	push	r16
 28e:	1f 93       	push	r17
 290:	2f 93       	push	r18
 292:	3f 93       	push	r19
 294:	4f 93       	push	r20
 296:	5f 93       	push	r21
 298:	6f 93       	push	r22
 29a:	7f 93       	push	r23
 29c:	8f 93       	push	r24
 29e:	9f 93       	push	r25
 2a0:	af 93       	push	r26
 2a2:	bf 93       	push	r27
 2a4:	cf 93       	push	r28
 2a6:	df 93       	push	r29
 2a8:	ef 93       	push	r30
 2aa:	ff 93       	push	r31
 2ac:	80 91 c6 00 	lds	r24, 0x00C6
 2b0:	e0 91 7e 01 	lds	r30, 0x017E
 2b4:	ef 5f       	subi	r30, 0xFF	; 255
 2b6:	ef 77       	andi	r30, 0x7F	; 127
 2b8:	e0 93 7e 01 	sts	0x017E, r30
 2bc:	f0 e0       	ldi	r31, 0x00	; 0
 2be:	e1 58       	subi	r30, 0x81	; 129
 2c0:	fe 4f       	sbci	r31, 0xFE	; 254
 2c2:	80 83       	st	Z, r24
 2c4:	8a 30       	cpi	r24, 0x0A	; 10
 2c6:	b9 f0       	breq	.+46     	; 0x2f6 <__vector_20+0x78>
 2c8:	ff 91       	pop	r31
 2ca:	ef 91       	pop	r30
 2cc:	df 91       	pop	r29
 2ce:	cf 91       	pop	r28
 2d0:	bf 91       	pop	r27
 2d2:	af 91       	pop	r26
 2d4:	9f 91       	pop	r25
 2d6:	8f 91       	pop	r24
 2d8:	7f 91       	pop	r23
 2da:	6f 91       	pop	r22
 2dc:	5f 91       	pop	r21
 2de:	4f 91       	pop	r20
 2e0:	3f 91       	pop	r19
 2e2:	2f 91       	pop	r18
 2e4:	1f 91       	pop	r17
 2e6:	0f 91       	pop	r16
 2e8:	ff 90       	pop	r15
 2ea:	ef 90       	pop	r14
 2ec:	0f 90       	pop	r0
 2ee:	0f be       	out	0x3f, r0	; 63
 2f0:	0f 90       	pop	r0
 2f2:	1f 90       	pop	r1
 2f4:	18 95       	reti
 2f6:	81 e0       	ldi	r24, 0x01	; 1
 2f8:	90 e0       	ldi	r25, 0x00	; 0
 2fa:	0e 94 37 02 	call	0x46e	; 0x46e <malloc>
 2fe:	8c 01       	movw	r16, r24
 300:	90 91 7e 01 	lds	r25, 0x017E
 304:	80 91 7d 01 	lds	r24, 0x017D
 308:	98 17       	cp	r25, r24
 30a:	51 f1       	breq	.+84     	; 0x360 <__vector_20+0xe2>
 30c:	c1 e0       	ldi	r28, 0x01	; 1
 30e:	d0 e0       	ldi	r29, 0x00	; 0
 310:	e0 91 7d 01 	lds	r30, 0x017D
 314:	ef 5f       	subi	r30, 0xFF	; 255
 316:	ef 77       	andi	r30, 0x7F	; 127
 318:	e0 93 7d 01 	sts	0x017D, r30
 31c:	7e 01       	movw	r14, r28
 31e:	d8 01       	movw	r26, r16
 320:	ac 0f       	add	r26, r28
 322:	bd 1f       	adc	r27, r29
 324:	11 97       	sbiw	r26, 0x01	; 1
 326:	f0 e0       	ldi	r31, 0x00	; 0
 328:	e1 58       	subi	r30, 0x81	; 129
 32a:	fe 4f       	sbci	r31, 0xFE	; 254
 32c:	80 81       	ld	r24, Z
 32e:	8c 93       	st	X, r24
 330:	21 96       	adiw	r28, 0x01	; 1
 332:	be 01       	movw	r22, r28
 334:	c8 01       	movw	r24, r16
 336:	0e 94 64 03 	call	0x6c8	; 0x6c8 <realloc>
 33a:	8c 01       	movw	r16, r24
 33c:	90 91 7e 01 	lds	r25, 0x017E
 340:	80 91 7d 01 	lds	r24, 0x017D
 344:	98 13       	cpse	r25, r24
 346:	e4 cf       	rjmp	.-56     	; 0x310 <__vector_20+0x92>
 348:	c7 01       	movw	r24, r14
 34a:	f8 01       	movw	r30, r16
 34c:	e8 0f       	add	r30, r24
 34e:	f9 1f       	adc	r31, r25
 350:	10 82       	st	Z, r1
 352:	c8 01       	movw	r24, r16
 354:	0e 94 5d 00 	call	0xba	; 0xba <UART0_NMEAEvent>
 358:	c8 01       	movw	r24, r16
 35a:	0e 94 cc 02 	call	0x598	; 0x598 <free>
 35e:	b4 cf       	rjmp	.-152    	; 0x2c8 <__vector_20+0x4a>
 360:	80 e0       	ldi	r24, 0x00	; 0
 362:	90 e0       	ldi	r25, 0x00	; 0
 364:	f2 cf       	rjmp	.-28     	; 0x34a <__vector_20+0xcc>

00000366 <__vector_21>:
 366:	1f 92       	push	r1
 368:	0f 92       	push	r0
 36a:	0f b6       	in	r0, 0x3f	; 63
 36c:	0f 92       	push	r0
 36e:	11 24       	eor	r1, r1
 370:	0f 90       	pop	r0
 372:	0f be       	out	0x3f, r0	; 63
 374:	0f 90       	pop	r0
 376:	1f 90       	pop	r1
 378:	18 95       	reti

0000037a <UART1_Init>:
 37a:	10 92 19 01 	sts	0x0119, r1
 37e:	10 92 18 01 	sts	0x0118, r1
 382:	10 92 cd 00 	sts	0x00CD, r1
 386:	87 e6       	ldi	r24, 0x67	; 103
 388:	80 93 cc 00 	sts	0x00CC, r24
 38c:	e8 ec       	ldi	r30, 0xC8	; 200
 38e:	f0 e0       	ldi	r31, 0x00	; 0
 390:	80 81       	ld	r24, Z
 392:	8d 7f       	andi	r24, 0xFD	; 253
 394:	80 83       	st	Z, r24
 396:	88 e9       	ldi	r24, 0x98	; 152
 398:	80 93 c9 00 	sts	0x00C9, r24
 39c:	86 e0       	ldi	r24, 0x06	; 6
 39e:	80 93 ca 00 	sts	0x00CA, r24
 3a2:	78 94       	sei
 3a4:	08 95       	ret

000003a6 <__vector_28>:
 3a6:	1f 92       	push	r1
 3a8:	0f 92       	push	r0
 3aa:	0f b6       	in	r0, 0x3f	; 63
 3ac:	0f 92       	push	r0
 3ae:	11 24       	eor	r1, r1
 3b0:	8f 93       	push	r24
 3b2:	ef 93       	push	r30
 3b4:	ff 93       	push	r31
 3b6:	80 91 ce 00 	lds	r24, 0x00CE
 3ba:	e0 91 5a 01 	lds	r30, 0x015A
 3be:	ef 5f       	subi	r30, 0xFF	; 255
 3c0:	ef 71       	andi	r30, 0x1F	; 31
 3c2:	e0 93 5a 01 	sts	0x015A, r30
 3c6:	f0 e0       	ldi	r31, 0x00	; 0
 3c8:	e5 5a       	subi	r30, 0xA5	; 165
 3ca:	fe 4f       	sbci	r31, 0xFE	; 254
 3cc:	80 83       	st	Z, r24
 3ce:	ff 91       	pop	r31
 3d0:	ef 91       	pop	r30
 3d2:	8f 91       	pop	r24
 3d4:	0f 90       	pop	r0
 3d6:	0f be       	out	0x3f, r0	; 63
 3d8:	0f 90       	pop	r0
 3da:	1f 90       	pop	r1
 3dc:	18 95       	reti

000003de <__vector_29>:
 3de:	1f 92       	push	r1
 3e0:	0f 92       	push	r0
 3e2:	0f b6       	in	r0, 0x3f	; 63
 3e4:	0f 92       	push	r0
 3e6:	11 24       	eor	r1, r1
 3e8:	8f 93       	push	r24
 3ea:	9f 93       	push	r25
 3ec:	ef 93       	push	r30
 3ee:	ff 93       	push	r31
 3f0:	90 91 19 01 	lds	r25, 0x0119
 3f4:	80 91 18 01 	lds	r24, 0x0118
 3f8:	98 17       	cp	r25, r24
 3fa:	a9 f0       	breq	.+42     	; 0x426 <__vector_29+0x48>
 3fc:	e0 91 18 01 	lds	r30, 0x0118
 400:	ef 5f       	subi	r30, 0xFF	; 255
 402:	ef 73       	andi	r30, 0x3F	; 63
 404:	e0 93 18 01 	sts	0x0118, r30
 408:	f0 e0       	ldi	r31, 0x00	; 0
 40a:	e6 5e       	subi	r30, 0xE6	; 230
 40c:	fe 4f       	sbci	r31, 0xFE	; 254
 40e:	80 81       	ld	r24, Z
 410:	80 93 ce 00 	sts	0x00CE, r24
 414:	ff 91       	pop	r31
 416:	ef 91       	pop	r30
 418:	9f 91       	pop	r25
 41a:	8f 91       	pop	r24
 41c:	0f 90       	pop	r0
 41e:	0f be       	out	0x3f, r0	; 63
 420:	0f 90       	pop	r0
 422:	1f 90       	pop	r1
 424:	18 95       	reti
 426:	80 91 c9 00 	lds	r24, 0x00C9
 42a:	8f 7d       	andi	r24, 0xDF	; 223
 42c:	80 93 c9 00 	sts	0x00C9, r24
 430:	f1 cf       	rjmp	.-30     	; 0x414 <__vector_29+0x36>

00000432 <UART1_SendString>:
 432:	fc 01       	movw	r30, r24
 434:	30 81       	ld	r19, Z
 436:	33 23       	and	r19, r19
 438:	c9 f0       	breq	.+50     	; 0x46c <UART1_SendString+0x3a>
 43a:	dc 01       	movw	r26, r24
 43c:	11 96       	adiw	r26, 0x01	; 1
 43e:	20 91 19 01 	lds	r18, 0x0119
 442:	2f 5f       	subi	r18, 0xFF	; 255
 444:	2f 73       	andi	r18, 0x3F	; 63
 446:	90 91 18 01 	lds	r25, 0x0118
 44a:	29 17       	cp	r18, r25
 44c:	e1 f3       	breq	.-8      	; 0x446 <UART1_SendString+0x14>
 44e:	e2 2f       	mov	r30, r18
 450:	f0 e0       	ldi	r31, 0x00	; 0
 452:	e6 5e       	subi	r30, 0xE6	; 230
 454:	fe 4f       	sbci	r31, 0xFE	; 254
 456:	30 83       	st	Z, r19
 458:	20 93 19 01 	sts	0x0119, r18
 45c:	90 91 c9 00 	lds	r25, 0x00C9
 460:	90 62       	ori	r25, 0x20	; 32
 462:	90 93 c9 00 	sts	0x00C9, r25
 466:	3d 91       	ld	r19, X+
 468:	31 11       	cpse	r19, r1
 46a:	e9 cf       	rjmp	.-46     	; 0x43e <UART1_SendString+0xc>
 46c:	08 95       	ret

0000046e <malloc>:
 46e:	cf 93       	push	r28
 470:	df 93       	push	r29
 472:	82 30       	cpi	r24, 0x02	; 2
 474:	91 05       	cpc	r25, r1
 476:	10 f4       	brcc	.+4      	; 0x47c <malloc+0xe>
 478:	82 e0       	ldi	r24, 0x02	; 2
 47a:	90 e0       	ldi	r25, 0x00	; 0
 47c:	e0 91 11 02 	lds	r30, 0x0211
 480:	f0 91 12 02 	lds	r31, 0x0212
 484:	20 e0       	ldi	r18, 0x00	; 0
 486:	30 e0       	ldi	r19, 0x00	; 0
 488:	c0 e0       	ldi	r28, 0x00	; 0
 48a:	d0 e0       	ldi	r29, 0x00	; 0
 48c:	30 97       	sbiw	r30, 0x00	; 0
 48e:	11 f1       	breq	.+68     	; 0x4d4 <malloc+0x66>
 490:	40 81       	ld	r20, Z
 492:	51 81       	ldd	r21, Z+1	; 0x01
 494:	48 17       	cp	r20, r24
 496:	59 07       	cpc	r21, r25
 498:	c0 f0       	brcs	.+48     	; 0x4ca <malloc+0x5c>
 49a:	48 17       	cp	r20, r24
 49c:	59 07       	cpc	r21, r25
 49e:	61 f4       	brne	.+24     	; 0x4b8 <malloc+0x4a>
 4a0:	82 81       	ldd	r24, Z+2	; 0x02
 4a2:	93 81       	ldd	r25, Z+3	; 0x03
 4a4:	20 97       	sbiw	r28, 0x00	; 0
 4a6:	19 f0       	breq	.+6      	; 0x4ae <malloc+0x40>
 4a8:	9b 83       	std	Y+3, r25	; 0x03
 4aa:	8a 83       	std	Y+2, r24	; 0x02
 4ac:	2b c0       	rjmp	.+86     	; 0x504 <malloc+0x96>
 4ae:	90 93 12 02 	sts	0x0212, r25
 4b2:	80 93 11 02 	sts	0x0211, r24
 4b6:	26 c0       	rjmp	.+76     	; 0x504 <malloc+0x96>
 4b8:	21 15       	cp	r18, r1
 4ba:	31 05       	cpc	r19, r1
 4bc:	19 f0       	breq	.+6      	; 0x4c4 <malloc+0x56>
 4be:	42 17       	cp	r20, r18
 4c0:	53 07       	cpc	r21, r19
 4c2:	18 f4       	brcc	.+6      	; 0x4ca <malloc+0x5c>
 4c4:	9a 01       	movw	r18, r20
 4c6:	be 01       	movw	r22, r28
 4c8:	df 01       	movw	r26, r30
 4ca:	ef 01       	movw	r28, r30
 4cc:	02 80       	ldd	r0, Z+2	; 0x02
 4ce:	f3 81       	ldd	r31, Z+3	; 0x03
 4d0:	e0 2d       	mov	r30, r0
 4d2:	dc cf       	rjmp	.-72     	; 0x48c <malloc+0x1e>
 4d4:	21 15       	cp	r18, r1
 4d6:	31 05       	cpc	r19, r1
 4d8:	09 f1       	breq	.+66     	; 0x51c <malloc+0xae>
 4da:	28 1b       	sub	r18, r24
 4dc:	39 0b       	sbc	r19, r25
 4de:	24 30       	cpi	r18, 0x04	; 4
 4e0:	31 05       	cpc	r19, r1
 4e2:	90 f4       	brcc	.+36     	; 0x508 <malloc+0x9a>
 4e4:	12 96       	adiw	r26, 0x02	; 2
 4e6:	8d 91       	ld	r24, X+
 4e8:	9c 91       	ld	r25, X
 4ea:	13 97       	sbiw	r26, 0x03	; 3
 4ec:	61 15       	cp	r22, r1
 4ee:	71 05       	cpc	r23, r1
 4f0:	21 f0       	breq	.+8      	; 0x4fa <malloc+0x8c>
 4f2:	fb 01       	movw	r30, r22
 4f4:	93 83       	std	Z+3, r25	; 0x03
 4f6:	82 83       	std	Z+2, r24	; 0x02
 4f8:	04 c0       	rjmp	.+8      	; 0x502 <malloc+0x94>
 4fa:	90 93 12 02 	sts	0x0212, r25
 4fe:	80 93 11 02 	sts	0x0211, r24
 502:	fd 01       	movw	r30, r26
 504:	32 96       	adiw	r30, 0x02	; 2
 506:	44 c0       	rjmp	.+136    	; 0x590 <malloc+0x122>
 508:	fd 01       	movw	r30, r26
 50a:	e2 0f       	add	r30, r18
 50c:	f3 1f       	adc	r31, r19
 50e:	81 93       	st	Z+, r24
 510:	91 93       	st	Z+, r25
 512:	22 50       	subi	r18, 0x02	; 2
 514:	31 09       	sbc	r19, r1
 516:	2d 93       	st	X+, r18
 518:	3c 93       	st	X, r19
 51a:	3a c0       	rjmp	.+116    	; 0x590 <malloc+0x122>
 51c:	20 91 0f 02 	lds	r18, 0x020F
 520:	30 91 10 02 	lds	r19, 0x0210
 524:	23 2b       	or	r18, r19
 526:	41 f4       	brne	.+16     	; 0x538 <malloc+0xca>
 528:	20 91 02 01 	lds	r18, 0x0102
 52c:	30 91 03 01 	lds	r19, 0x0103
 530:	30 93 10 02 	sts	0x0210, r19
 534:	20 93 0f 02 	sts	0x020F, r18
 538:	20 91 00 01 	lds	r18, 0x0100
 53c:	30 91 01 01 	lds	r19, 0x0101
 540:	21 15       	cp	r18, r1
 542:	31 05       	cpc	r19, r1
 544:	41 f4       	brne	.+16     	; 0x556 <malloc+0xe8>
 546:	2d b7       	in	r18, 0x3d	; 61
 548:	3e b7       	in	r19, 0x3e	; 62
 54a:	40 91 04 01 	lds	r20, 0x0104
 54e:	50 91 05 01 	lds	r21, 0x0105
 552:	24 1b       	sub	r18, r20
 554:	35 0b       	sbc	r19, r21
 556:	e0 91 0f 02 	lds	r30, 0x020F
 55a:	f0 91 10 02 	lds	r31, 0x0210
 55e:	e2 17       	cp	r30, r18
 560:	f3 07       	cpc	r31, r19
 562:	a0 f4       	brcc	.+40     	; 0x58c <malloc+0x11e>
 564:	2e 1b       	sub	r18, r30
 566:	3f 0b       	sbc	r19, r31
 568:	28 17       	cp	r18, r24
 56a:	39 07       	cpc	r19, r25
 56c:	78 f0       	brcs	.+30     	; 0x58c <malloc+0x11e>
 56e:	ac 01       	movw	r20, r24
 570:	4e 5f       	subi	r20, 0xFE	; 254
 572:	5f 4f       	sbci	r21, 0xFF	; 255
 574:	24 17       	cp	r18, r20
 576:	35 07       	cpc	r19, r21
 578:	48 f0       	brcs	.+18     	; 0x58c <malloc+0x11e>
 57a:	4e 0f       	add	r20, r30
 57c:	5f 1f       	adc	r21, r31
 57e:	50 93 10 02 	sts	0x0210, r21
 582:	40 93 0f 02 	sts	0x020F, r20
 586:	81 93       	st	Z+, r24
 588:	91 93       	st	Z+, r25
 58a:	02 c0       	rjmp	.+4      	; 0x590 <malloc+0x122>
 58c:	e0 e0       	ldi	r30, 0x00	; 0
 58e:	f0 e0       	ldi	r31, 0x00	; 0
 590:	cf 01       	movw	r24, r30
 592:	df 91       	pop	r29
 594:	cf 91       	pop	r28
 596:	08 95       	ret

00000598 <free>:
 598:	0f 93       	push	r16
 59a:	1f 93       	push	r17
 59c:	cf 93       	push	r28
 59e:	df 93       	push	r29
 5a0:	00 97       	sbiw	r24, 0x00	; 0
 5a2:	09 f4       	brne	.+2      	; 0x5a6 <free+0xe>
 5a4:	8c c0       	rjmp	.+280    	; 0x6be <free+0x126>
 5a6:	fc 01       	movw	r30, r24
 5a8:	32 97       	sbiw	r30, 0x02	; 2
 5aa:	13 82       	std	Z+3, r1	; 0x03
 5ac:	12 82       	std	Z+2, r1	; 0x02
 5ae:	00 91 11 02 	lds	r16, 0x0211
 5b2:	10 91 12 02 	lds	r17, 0x0212
 5b6:	01 15       	cp	r16, r1
 5b8:	11 05       	cpc	r17, r1
 5ba:	81 f4       	brne	.+32     	; 0x5dc <free+0x44>
 5bc:	20 81       	ld	r18, Z
 5be:	31 81       	ldd	r19, Z+1	; 0x01
 5c0:	82 0f       	add	r24, r18
 5c2:	93 1f       	adc	r25, r19
 5c4:	20 91 0f 02 	lds	r18, 0x020F
 5c8:	30 91 10 02 	lds	r19, 0x0210
 5cc:	28 17       	cp	r18, r24
 5ce:	39 07       	cpc	r19, r25
 5d0:	79 f5       	brne	.+94     	; 0x630 <free+0x98>
 5d2:	f0 93 10 02 	sts	0x0210, r31
 5d6:	e0 93 0f 02 	sts	0x020F, r30
 5da:	71 c0       	rjmp	.+226    	; 0x6be <free+0x126>
 5dc:	d8 01       	movw	r26, r16
 5de:	40 e0       	ldi	r20, 0x00	; 0
 5e0:	50 e0       	ldi	r21, 0x00	; 0
 5e2:	ae 17       	cp	r26, r30
 5e4:	bf 07       	cpc	r27, r31
 5e6:	50 f4       	brcc	.+20     	; 0x5fc <free+0x64>
 5e8:	12 96       	adiw	r26, 0x02	; 2
 5ea:	2d 91       	ld	r18, X+
 5ec:	3c 91       	ld	r19, X
 5ee:	13 97       	sbiw	r26, 0x03	; 3
 5f0:	ad 01       	movw	r20, r26
 5f2:	21 15       	cp	r18, r1
 5f4:	31 05       	cpc	r19, r1
 5f6:	09 f1       	breq	.+66     	; 0x63a <free+0xa2>
 5f8:	d9 01       	movw	r26, r18
 5fa:	f3 cf       	rjmp	.-26     	; 0x5e2 <free+0x4a>
 5fc:	9d 01       	movw	r18, r26
 5fe:	da 01       	movw	r26, r20
 600:	33 83       	std	Z+3, r19	; 0x03
 602:	22 83       	std	Z+2, r18	; 0x02
 604:	60 81       	ld	r22, Z
 606:	71 81       	ldd	r23, Z+1	; 0x01
 608:	86 0f       	add	r24, r22
 60a:	97 1f       	adc	r25, r23
 60c:	82 17       	cp	r24, r18
 60e:	93 07       	cpc	r25, r19
 610:	69 f4       	brne	.+26     	; 0x62c <free+0x94>
 612:	ec 01       	movw	r28, r24
 614:	28 81       	ld	r18, Y
 616:	39 81       	ldd	r19, Y+1	; 0x01
 618:	26 0f       	add	r18, r22
 61a:	37 1f       	adc	r19, r23
 61c:	2e 5f       	subi	r18, 0xFE	; 254
 61e:	3f 4f       	sbci	r19, 0xFF	; 255
 620:	31 83       	std	Z+1, r19	; 0x01
 622:	20 83       	st	Z, r18
 624:	8a 81       	ldd	r24, Y+2	; 0x02
 626:	9b 81       	ldd	r25, Y+3	; 0x03
 628:	93 83       	std	Z+3, r25	; 0x03
 62a:	82 83       	std	Z+2, r24	; 0x02
 62c:	45 2b       	or	r20, r21
 62e:	29 f4       	brne	.+10     	; 0x63a <free+0xa2>
 630:	f0 93 12 02 	sts	0x0212, r31
 634:	e0 93 11 02 	sts	0x0211, r30
 638:	42 c0       	rjmp	.+132    	; 0x6be <free+0x126>
 63a:	13 96       	adiw	r26, 0x03	; 3
 63c:	fc 93       	st	X, r31
 63e:	ee 93       	st	-X, r30
 640:	12 97       	sbiw	r26, 0x02	; 2
 642:	ed 01       	movw	r28, r26
 644:	49 91       	ld	r20, Y+
 646:	59 91       	ld	r21, Y+
 648:	9e 01       	movw	r18, r28
 64a:	24 0f       	add	r18, r20
 64c:	35 1f       	adc	r19, r21
 64e:	e2 17       	cp	r30, r18
 650:	f3 07       	cpc	r31, r19
 652:	71 f4       	brne	.+28     	; 0x670 <free+0xd8>
 654:	80 81       	ld	r24, Z
 656:	91 81       	ldd	r25, Z+1	; 0x01
 658:	84 0f       	add	r24, r20
 65a:	95 1f       	adc	r25, r21
 65c:	02 96       	adiw	r24, 0x02	; 2
 65e:	11 96       	adiw	r26, 0x01	; 1
 660:	9c 93       	st	X, r25
 662:	8e 93       	st	-X, r24
 664:	82 81       	ldd	r24, Z+2	; 0x02
 666:	93 81       	ldd	r25, Z+3	; 0x03
 668:	13 96       	adiw	r26, 0x03	; 3
 66a:	9c 93       	st	X, r25
 66c:	8e 93       	st	-X, r24
 66e:	12 97       	sbiw	r26, 0x02	; 2
 670:	e0 e0       	ldi	r30, 0x00	; 0
 672:	f0 e0       	ldi	r31, 0x00	; 0
 674:	d8 01       	movw	r26, r16
 676:	12 96       	adiw	r26, 0x02	; 2
 678:	8d 91       	ld	r24, X+
 67a:	9c 91       	ld	r25, X
 67c:	13 97       	sbiw	r26, 0x03	; 3
 67e:	00 97       	sbiw	r24, 0x00	; 0
 680:	19 f0       	breq	.+6      	; 0x688 <free+0xf0>
 682:	f8 01       	movw	r30, r16
 684:	8c 01       	movw	r16, r24
 686:	f6 cf       	rjmp	.-20     	; 0x674 <free+0xdc>
 688:	8d 91       	ld	r24, X+
 68a:	9c 91       	ld	r25, X
 68c:	98 01       	movw	r18, r16
 68e:	2e 5f       	subi	r18, 0xFE	; 254
 690:	3f 4f       	sbci	r19, 0xFF	; 255
 692:	82 0f       	add	r24, r18
 694:	93 1f       	adc	r25, r19
 696:	20 91 0f 02 	lds	r18, 0x020F
 69a:	30 91 10 02 	lds	r19, 0x0210
 69e:	28 17       	cp	r18, r24
 6a0:	39 07       	cpc	r19, r25
 6a2:	69 f4       	brne	.+26     	; 0x6be <free+0x126>
 6a4:	30 97       	sbiw	r30, 0x00	; 0
 6a6:	29 f4       	brne	.+10     	; 0x6b2 <free+0x11a>
 6a8:	10 92 12 02 	sts	0x0212, r1
 6ac:	10 92 11 02 	sts	0x0211, r1
 6b0:	02 c0       	rjmp	.+4      	; 0x6b6 <free+0x11e>
 6b2:	13 82       	std	Z+3, r1	; 0x03
 6b4:	12 82       	std	Z+2, r1	; 0x02
 6b6:	10 93 10 02 	sts	0x0210, r17
 6ba:	00 93 0f 02 	sts	0x020F, r16
 6be:	df 91       	pop	r29
 6c0:	cf 91       	pop	r28
 6c2:	1f 91       	pop	r17
 6c4:	0f 91       	pop	r16
 6c6:	08 95       	ret

000006c8 <realloc>:
 6c8:	a0 e0       	ldi	r26, 0x00	; 0
 6ca:	b0 e0       	ldi	r27, 0x00	; 0
 6cc:	ea e6       	ldi	r30, 0x6A	; 106
 6ce:	f3 e0       	ldi	r31, 0x03	; 3
 6d0:	0c 94 53 04 	jmp	0x8a6	; 0x8a6 <__prologue_saves__+0x8>
 6d4:	ec 01       	movw	r28, r24
 6d6:	00 97       	sbiw	r24, 0x00	; 0
 6d8:	21 f4       	brne	.+8      	; 0x6e2 <realloc+0x1a>
 6da:	cb 01       	movw	r24, r22
 6dc:	0e 94 37 02 	call	0x46e	; 0x46e <malloc>
 6e0:	b8 c0       	rjmp	.+368    	; 0x852 <realloc+0x18a>
 6e2:	fc 01       	movw	r30, r24
 6e4:	e6 0f       	add	r30, r22
 6e6:	f7 1f       	adc	r31, r23
 6e8:	9c 01       	movw	r18, r24
 6ea:	22 50       	subi	r18, 0x02	; 2
 6ec:	31 09       	sbc	r19, r1
 6ee:	e2 17       	cp	r30, r18
 6f0:	f3 07       	cpc	r31, r19
 6f2:	08 f4       	brcc	.+2      	; 0x6f6 <realloc+0x2e>
 6f4:	ac c0       	rjmp	.+344    	; 0x84e <realloc+0x186>
 6f6:	d9 01       	movw	r26, r18
 6f8:	0d 91       	ld	r16, X+
 6fa:	1c 91       	ld	r17, X
 6fc:	11 97       	sbiw	r26, 0x01	; 1
 6fe:	06 17       	cp	r16, r22
 700:	17 07       	cpc	r17, r23
 702:	b0 f0       	brcs	.+44     	; 0x730 <realloc+0x68>
 704:	05 30       	cpi	r16, 0x05	; 5
 706:	11 05       	cpc	r17, r1
 708:	08 f4       	brcc	.+2      	; 0x70c <realloc+0x44>
 70a:	9f c0       	rjmp	.+318    	; 0x84a <realloc+0x182>
 70c:	c8 01       	movw	r24, r16
 70e:	04 97       	sbiw	r24, 0x04	; 4
 710:	86 17       	cp	r24, r22
 712:	97 07       	cpc	r25, r23
 714:	08 f4       	brcc	.+2      	; 0x718 <realloc+0x50>
 716:	99 c0       	rjmp	.+306    	; 0x84a <realloc+0x182>
 718:	02 50       	subi	r16, 0x02	; 2
 71a:	11 09       	sbc	r17, r1
 71c:	06 1b       	sub	r16, r22
 71e:	17 0b       	sbc	r17, r23
 720:	01 93       	st	Z+, r16
 722:	11 93       	st	Z+, r17
 724:	6d 93       	st	X+, r22
 726:	7c 93       	st	X, r23
 728:	cf 01       	movw	r24, r30
 72a:	0e 94 cc 02 	call	0x598	; 0x598 <free>
 72e:	8d c0       	rjmp	.+282    	; 0x84a <realloc+0x182>
 730:	5b 01       	movw	r10, r22
 732:	a0 1a       	sub	r10, r16
 734:	b1 0a       	sbc	r11, r17
 736:	4c 01       	movw	r8, r24
 738:	80 0e       	add	r8, r16
 73a:	91 1e       	adc	r9, r17
 73c:	a0 91 11 02 	lds	r26, 0x0211
 740:	b0 91 12 02 	lds	r27, 0x0212
 744:	40 e0       	ldi	r20, 0x00	; 0
 746:	50 e0       	ldi	r21, 0x00	; 0
 748:	e1 2c       	mov	r14, r1
 74a:	f1 2c       	mov	r15, r1
 74c:	10 97       	sbiw	r26, 0x00	; 0
 74e:	09 f4       	brne	.+2      	; 0x752 <realloc+0x8a>
 750:	4a c0       	rjmp	.+148    	; 0x7e6 <realloc+0x11e>
 752:	a8 15       	cp	r26, r8
 754:	b9 05       	cpc	r27, r9
 756:	d1 f5       	brne	.+116    	; 0x7cc <realloc+0x104>
 758:	6d 90       	ld	r6, X+
 75a:	7c 90       	ld	r7, X
 75c:	11 97       	sbiw	r26, 0x01	; 1
 75e:	63 01       	movw	r12, r6
 760:	82 e0       	ldi	r24, 0x02	; 2
 762:	c8 0e       	add	r12, r24
 764:	d1 1c       	adc	r13, r1
 766:	ca 14       	cp	r12, r10
 768:	db 04       	cpc	r13, r11
 76a:	80 f1       	brcs	.+96     	; 0x7cc <realloc+0x104>
 76c:	a3 01       	movw	r20, r6
 76e:	4a 19       	sub	r20, r10
 770:	5b 09       	sbc	r21, r11
 772:	6a 01       	movw	r12, r20
 774:	82 e0       	ldi	r24, 0x02	; 2
 776:	c8 0e       	add	r12, r24
 778:	d1 1c       	adc	r13, r1
 77a:	12 96       	adiw	r26, 0x02	; 2
 77c:	bc 90       	ld	r11, X
 77e:	12 97       	sbiw	r26, 0x02	; 2
 780:	13 96       	adiw	r26, 0x03	; 3
 782:	ac 91       	ld	r26, X
 784:	b5 e0       	ldi	r27, 0x05	; 5
 786:	cb 16       	cp	r12, r27
 788:	d1 04       	cpc	r13, r1
 78a:	40 f0       	brcs	.+16     	; 0x79c <realloc+0xd4>
 78c:	b2 82       	std	Z+2, r11	; 0x02
 78e:	a3 83       	std	Z+3, r26	; 0x03
 790:	51 83       	std	Z+1, r21	; 0x01
 792:	40 83       	st	Z, r20
 794:	d9 01       	movw	r26, r18
 796:	6d 93       	st	X+, r22
 798:	7c 93       	st	X, r23
 79a:	0a c0       	rjmp	.+20     	; 0x7b0 <realloc+0xe8>
 79c:	0e 5f       	subi	r16, 0xFE	; 254
 79e:	1f 4f       	sbci	r17, 0xFF	; 255
 7a0:	c3 01       	movw	r24, r6
 7a2:	80 0f       	add	r24, r16
 7a4:	91 1f       	adc	r25, r17
 7a6:	f9 01       	movw	r30, r18
 7a8:	91 83       	std	Z+1, r25	; 0x01
 7aa:	80 83       	st	Z, r24
 7ac:	eb 2d       	mov	r30, r11
 7ae:	fa 2f       	mov	r31, r26
 7b0:	e1 14       	cp	r14, r1
 7b2:	f1 04       	cpc	r15, r1
 7b4:	31 f0       	breq	.+12     	; 0x7c2 <realloc+0xfa>
 7b6:	d7 01       	movw	r26, r14
 7b8:	13 96       	adiw	r26, 0x03	; 3
 7ba:	fc 93       	st	X, r31
 7bc:	ee 93       	st	-X, r30
 7be:	12 97       	sbiw	r26, 0x02	; 2
 7c0:	44 c0       	rjmp	.+136    	; 0x84a <realloc+0x182>
 7c2:	f0 93 12 02 	sts	0x0212, r31
 7c6:	e0 93 11 02 	sts	0x0211, r30
 7ca:	3f c0       	rjmp	.+126    	; 0x84a <realloc+0x182>
 7cc:	8d 91       	ld	r24, X+
 7ce:	9c 91       	ld	r25, X
 7d0:	11 97       	sbiw	r26, 0x01	; 1
 7d2:	48 17       	cp	r20, r24
 7d4:	59 07       	cpc	r21, r25
 7d6:	08 f4       	brcc	.+2      	; 0x7da <realloc+0x112>
 7d8:	ac 01       	movw	r20, r24
 7da:	7d 01       	movw	r14, r26
 7dc:	12 96       	adiw	r26, 0x02	; 2
 7de:	0d 90       	ld	r0, X+
 7e0:	bc 91       	ld	r27, X
 7e2:	a0 2d       	mov	r26, r0
 7e4:	b3 cf       	rjmp	.-154    	; 0x74c <realloc+0x84>
 7e6:	80 91 0f 02 	lds	r24, 0x020F
 7ea:	90 91 10 02 	lds	r25, 0x0210
 7ee:	88 15       	cp	r24, r8
 7f0:	99 05       	cpc	r25, r9
 7f2:	e1 f4       	brne	.+56     	; 0x82c <realloc+0x164>
 7f4:	46 17       	cp	r20, r22
 7f6:	57 07       	cpc	r21, r23
 7f8:	c8 f4       	brcc	.+50     	; 0x82c <realloc+0x164>
 7fa:	80 91 00 01 	lds	r24, 0x0100
 7fe:	90 91 01 01 	lds	r25, 0x0101
 802:	00 97       	sbiw	r24, 0x00	; 0
 804:	41 f4       	brne	.+16     	; 0x816 <realloc+0x14e>
 806:	8d b7       	in	r24, 0x3d	; 61
 808:	9e b7       	in	r25, 0x3e	; 62
 80a:	40 91 04 01 	lds	r20, 0x0104
 80e:	50 91 05 01 	lds	r21, 0x0105
 812:	84 1b       	sub	r24, r20
 814:	95 0b       	sbc	r25, r21
 816:	e8 17       	cp	r30, r24
 818:	f9 07       	cpc	r31, r25
 81a:	c8 f4       	brcc	.+50     	; 0x84e <realloc+0x186>
 81c:	f0 93 10 02 	sts	0x0210, r31
 820:	e0 93 0f 02 	sts	0x020F, r30
 824:	f9 01       	movw	r30, r18
 826:	71 83       	std	Z+1, r23	; 0x01
 828:	60 83       	st	Z, r22
 82a:	0f c0       	rjmp	.+30     	; 0x84a <realloc+0x182>
 82c:	cb 01       	movw	r24, r22
 82e:	0e 94 37 02 	call	0x46e	; 0x46e <malloc>
 832:	7c 01       	movw	r14, r24
 834:	00 97       	sbiw	r24, 0x00	; 0
 836:	59 f0       	breq	.+22     	; 0x84e <realloc+0x186>
 838:	a8 01       	movw	r20, r16
 83a:	be 01       	movw	r22, r28
 83c:	0e 94 2e 04 	call	0x85c	; 0x85c <memcpy>
 840:	ce 01       	movw	r24, r28
 842:	0e 94 cc 02 	call	0x598	; 0x598 <free>
 846:	c7 01       	movw	r24, r14
 848:	04 c0       	rjmp	.+8      	; 0x852 <realloc+0x18a>
 84a:	ce 01       	movw	r24, r28
 84c:	02 c0       	rjmp	.+4      	; 0x852 <realloc+0x18a>
 84e:	80 e0       	ldi	r24, 0x00	; 0
 850:	90 e0       	ldi	r25, 0x00	; 0
 852:	cd b7       	in	r28, 0x3d	; 61
 854:	de b7       	in	r29, 0x3e	; 62
 856:	ee e0       	ldi	r30, 0x0E	; 14
 858:	0c 94 6f 04 	jmp	0x8de	; 0x8de <__epilogue_restores__+0x8>

0000085c <memcpy>:
 85c:	fb 01       	movw	r30, r22
 85e:	dc 01       	movw	r26, r24
 860:	02 c0       	rjmp	.+4      	; 0x866 <memcpy+0xa>
 862:	01 90       	ld	r0, Z+
 864:	0d 92       	st	X+, r0
 866:	41 50       	subi	r20, 0x01	; 1
 868:	50 40       	sbci	r21, 0x00	; 0
 86a:	d8 f7       	brcc	.-10     	; 0x862 <memcpy+0x6>
 86c:	08 95       	ret

0000086e <strcmp>:
 86e:	fb 01       	movw	r30, r22
 870:	dc 01       	movw	r26, r24
 872:	8d 91       	ld	r24, X+
 874:	01 90       	ld	r0, Z+
 876:	80 19       	sub	r24, r0
 878:	01 10       	cpse	r0, r1
 87a:	d9 f3       	breq	.-10     	; 0x872 <strcmp+0x4>
 87c:	99 0b       	sbc	r25, r25
 87e:	08 95       	ret

00000880 <strncpy>:
 880:	fb 01       	movw	r30, r22
 882:	dc 01       	movw	r26, r24
 884:	41 50       	subi	r20, 0x01	; 1
 886:	50 40       	sbci	r21, 0x00	; 0
 888:	48 f0       	brcs	.+18     	; 0x89c <strncpy+0x1c>
 88a:	01 90       	ld	r0, Z+
 88c:	0d 92       	st	X+, r0
 88e:	00 20       	and	r0, r0
 890:	c9 f7       	brne	.-14     	; 0x884 <strncpy+0x4>
 892:	01 c0       	rjmp	.+2      	; 0x896 <strncpy+0x16>
 894:	1d 92       	st	X+, r1
 896:	41 50       	subi	r20, 0x01	; 1
 898:	50 40       	sbci	r21, 0x00	; 0
 89a:	e0 f7       	brcc	.-8      	; 0x894 <strncpy+0x14>
 89c:	08 95       	ret

0000089e <__prologue_saves__>:
 89e:	2f 92       	push	r2
 8a0:	3f 92       	push	r3
 8a2:	4f 92       	push	r4
 8a4:	5f 92       	push	r5
 8a6:	6f 92       	push	r6
 8a8:	7f 92       	push	r7
 8aa:	8f 92       	push	r8
 8ac:	9f 92       	push	r9
 8ae:	af 92       	push	r10
 8b0:	bf 92       	push	r11
 8b2:	cf 92       	push	r12
 8b4:	df 92       	push	r13
 8b6:	ef 92       	push	r14
 8b8:	ff 92       	push	r15
 8ba:	0f 93       	push	r16
 8bc:	1f 93       	push	r17
 8be:	cf 93       	push	r28
 8c0:	df 93       	push	r29
 8c2:	cd b7       	in	r28, 0x3d	; 61
 8c4:	de b7       	in	r29, 0x3e	; 62
 8c6:	ca 1b       	sub	r28, r26
 8c8:	db 0b       	sbc	r29, r27
 8ca:	0f b6       	in	r0, 0x3f	; 63
 8cc:	f8 94       	cli
 8ce:	de bf       	out	0x3e, r29	; 62
 8d0:	0f be       	out	0x3f, r0	; 63
 8d2:	cd bf       	out	0x3d, r28	; 61
 8d4:	09 94       	ijmp

000008d6 <__epilogue_restores__>:
 8d6:	2a 88       	ldd	r2, Y+18	; 0x12
 8d8:	39 88       	ldd	r3, Y+17	; 0x11
 8da:	48 88       	ldd	r4, Y+16	; 0x10
 8dc:	5f 84       	ldd	r5, Y+15	; 0x0f
 8de:	6e 84       	ldd	r6, Y+14	; 0x0e
 8e0:	7d 84       	ldd	r7, Y+13	; 0x0d
 8e2:	8c 84       	ldd	r8, Y+12	; 0x0c
 8e4:	9b 84       	ldd	r9, Y+11	; 0x0b
 8e6:	aa 84       	ldd	r10, Y+10	; 0x0a
 8e8:	b9 84       	ldd	r11, Y+9	; 0x09
 8ea:	c8 84       	ldd	r12, Y+8	; 0x08
 8ec:	df 80       	ldd	r13, Y+7	; 0x07
 8ee:	ee 80       	ldd	r14, Y+6	; 0x06
 8f0:	fd 80       	ldd	r15, Y+5	; 0x05
 8f2:	0c 81       	ldd	r16, Y+4	; 0x04
 8f4:	1b 81       	ldd	r17, Y+3	; 0x03
 8f6:	aa 81       	ldd	r26, Y+2	; 0x02
 8f8:	b9 81       	ldd	r27, Y+1	; 0x01
 8fa:	ce 0f       	add	r28, r30
 8fc:	d1 1d       	adc	r29, r1
 8fe:	0f b6       	in	r0, 0x3f	; 63
 900:	f8 94       	cli
 902:	de bf       	out	0x3e, r29	; 62
 904:	0f be       	out	0x3f, r0	; 63
 906:	cd bf       	out	0x3d, r28	; 61
 908:	ed 01       	movw	r28, r26
 90a:	08 95       	ret

0000090c <_exit>:
 90c:	f8 94       	cli

0000090e <__stop_program>:
 90e:	ff cf       	rjmp	.-2      	; 0x90e <__stop_program>
